Determining if the pthread_create exist failed with the following output:
Change Dir: /home/zoraizq/Documents/CG2/build/CMakeFiles/CMakeTmp

Run Build Command:"/usr/bin/make" "cmTC_0d797/fast"
/usr/bin/make -f CMakeFiles/cmTC_0d797.dir/build.make CMakeFiles/cmTC_0d797.dir/build
make[1]: Entering directory '/home/zoraizq/Documents/CG2/build/CMakeFiles/CMakeTmp'
Building C object CMakeFiles/cmTC_0d797.dir/CheckSymbolExists.c.o
/usr/bin/cc    -o CMakeFiles/cmTC_0d797.dir/CheckSymbolExists.c.o   -c /home/zoraizq/Documents/CG2/build/CMakeFiles/CMakeTmp/CheckSymbolExists.c
Linking C executable cmTC_0d797
/usr/bin/cmake -E cmake_link_script CMakeFiles/cmTC_0d797.dir/link.txt --verbose=1
/usr/bin/cc      -rdynamic CMakeFiles/cmTC_0d797.dir/CheckSymbolExists.c.o  -o cmTC_0d797 
CMakeFiles/cmTC_0d797.dir/CheckSymbolExists.c.o: In function `main':
CheckSymbolExists.c:(.text+0x1b): undefined reference to `pthread_create'
collect2: error: ld returned 1 exit status
CMakeFiles/cmTC_0d797.dir/build.make:97: recipe for target 'cmTC_0d797' failed
make[1]: *** [cmTC_0d797] Error 1
make[1]: Leaving directory '/home/zoraizq/Documents/CG2/build/CMakeFiles/CMakeTmp'
Makefile:126: recipe for target 'cmTC_0d797/fast' failed
make: *** [cmTC_0d797/fast] Error 2

File /home/zoraizq/Documents/CG2/build/CMakeFiles/CMakeTmp/CheckSymbolExists.c:
/* */
#include <pthread.h>

int main(int argc, char** argv)
{
  (void)argv;
#ifndef pthread_create
  return ((int*)(&pthread_create))[argc];
#else
  (void)argc;
  return 0;
#endif
}

Determining if the function pthread_create exists in the pthreads failed with the following output:
Change Dir: /home/zoraizq/Documents/CG2/build/CMakeFiles/CMakeTmp

Run Build Command:"/usr/bin/make" "cmTC_e0809/fast"
/usr/bin/make -f CMakeFiles/cmTC_e0809.dir/build.make CMakeFiles/cmTC_e0809.dir/build
make[1]: Entering directory '/home/zoraizq/Documents/CG2/build/CMakeFiles/CMakeTmp'
Building C object CMakeFiles/cmTC_e0809.dir/CheckFunctionExists.c.o
/usr/bin/cc   -DCHECK_FUNCTION_EXISTS=pthread_create   -o CMakeFiles/cmTC_e0809.dir/CheckFunctionExists.c.o   -c /usr/share/cmake-3.10/Modules/CheckFunctionExists.c
Linking C executable cmTC_e0809
/usr/bin/cmake -E cmake_link_script CMakeFiles/cmTC_e0809.dir/link.txt --verbose=1
/usr/bin/cc  -DCHECK_FUNCTION_EXISTS=pthread_create    -rdynamic CMakeFiles/cmTC_e0809.dir/CheckFunctionExists.c.o  -o cmTC_e0809 -lpthreads 
/usr/bin/ld: cannot find -lpthreads
collect2: error: ld returned 1 exit status
CMakeFiles/cmTC_e0809.dir/build.make:97: recipe for target 'cmTC_e0809' failed
make[1]: *** [cmTC_e0809] Error 1
make[1]: Leaving directory '/home/zoraizq/Documents/CG2/build/CMakeFiles/CMakeTmp'
Makefile:126: recipe for target 'cmTC_e0809/fast' failed
make: *** [cmTC_e0809/fast] Error 2


Determining if the function glXGetProcAddressEXT exists failed with the following output:
Change Dir: /home/zoraizq/Documents/CG2/build/CMakeFiles/CMakeTmp

Run Build Command:"/usr/bin/make" "cmTC_d7e62/fast"
/usr/bin/make -f CMakeFiles/cmTC_d7e62.dir/build.make CMakeFiles/cmTC_d7e62.dir/build
make[1]: Entering directory '/home/zoraizq/Documents/CG2/build/CMakeFiles/CMakeTmp'
Building C object CMakeFiles/cmTC_d7e62.dir/CheckFunctionExists.c.o
/usr/bin/cc   -DCHECK_FUNCTION_EXISTS=glXGetProcAddressEXT   -o CMakeFiles/cmTC_d7e62.dir/CheckFunctionExists.c.o   -c /usr/share/cmake-3.10/Modules/CheckFunctionExists.c
Linking C executable cmTC_d7e62
/usr/bin/cmake -E cmake_link_script CMakeFiles/cmTC_d7e62.dir/link.txt --verbose=1
/usr/bin/cc  -DCHECK_FUNCTION_EXISTS=glXGetProcAddressEXT    -rdynamic CMakeFiles/cmTC_d7e62.dir/CheckFunctionExists.c.o  -o cmTC_d7e62 /usr/lib/x86_64-linux-gnu/libGL.so 
CMakeFiles/cmTC_d7e62.dir/CheckFunctionExists.c.o: In function `main':
CheckFunctionExists.c:(.text+0x10): undefined reference to `glXGetProcAddressEXT'
collect2: error: ld returned 1 exit status
CMakeFiles/cmTC_d7e62.dir/build.make:98: recipe for target 'cmTC_d7e62' failed
make[1]: *** [cmTC_d7e62] Error 1
make[1]: Leaving directory '/home/zoraizq/Documents/CG2/build/CMakeFiles/CMakeTmp'
Makefile:126: recipe for target 'cmTC_d7e62/fast' failed
make: *** [cmTC_d7e62/fast] Error 2


